<?xml version="1.0" encoding="UTF-8"?>
<!-- Generated by org.testng.reporters.JUnitReportReporter -->
<testsuite hostname="DESKTOP-FNF69NB" name="runner.RunCuke" tests="1" failures="0" timestamp="21 Feb 2018 20:43:16 GMT" time="39.939" errors="0">
  <testcase name="feature" time="39.939" classname="runner.RunCuke"/>
</testsuite> <!-- runner.RunCuke -->
